#
# A fatal error has been detected by the Java Runtime Environment:
#
#  EXCEPTION_ACCESS_VIOLATION (0xc0000005) at pc=0x0000000057f5583a, pid=6048, tid=8912
#
# JRE version: Java(TM) SE Runtime Environment (8.0_66-b18) (build 1.8.0_66-b18)
# Java VM: Java HotSpot(TM) 64-Bit Server VM (25.66-b18 mixed mode windows-amd64 compressed oops)
# Problematic frame:
# C  [glass.dll+0x2583a]
#
# Failed to write core dump. Minidumps are not enabled by default on client versions of Windows
#
# If you would like to submit a bug report, please visit:
#   http://bugreport.java.com/bugreport/crash.jsp
#

---------------  T H R E A D  ---------------

Current thread (0x0000000005bd7800):  VMThread [stack: 0x0000000006c80000,0x0000000006d80000] [id=8912]

siginfo: ExceptionCode=0xc0000005, reading address 0x0000000000000000

Registers:
RAX=0x0000000000000000, RBX=0x00000000025dd9c8, RCX=0x0000000005bd7800, RDX=0x00000000025dd9c8
RSP=0x0000000006d7f5c0, RBP=0x000000000044a300, RSI=0x0000000000000001, RDI=0x0000000000000000
R8 =0x0000000000010002, R9 =0x000000000044a300, R10=0x0000000000000000, R11=0x0000000000000286
R12=0x000000000044a330, R13=0x000000000044a300, R14=0x000000000044a310, R15=0x0000000000000000
RIP=0x0000000057f5583a, EFLAGS=0x0000000000010206

Top of Stack: (sp=0x0000000006d7f5c0)
0x0000000006d7f5c0:   0000000000000000 0000000057f558f0
0x0000000006d7f5d0:   0000000000000000 0000000000000000
0x0000000006d7f5e0:   0000000057f55820 0000000057f53214
0x0000000006d7f5f0:   0000000000000000 000000003cdcbc9a
0x0000000006d7f600:   000000000044a300 00007ffeb2d92d6b
0x0000000006d7f610:   0000000057f53374 0000000057f30000
0x0000000006d7f620:   0000000002401628 0000000057f53496
0x0000000006d7f630:   0000000000000001 0000000005ae5400
0x0000000006d7f640:   0000000000000000 0000000000000000
0x0000000006d7f650:   c000000500000001 0000000006d7e780
0x0000000006d7f660:   0000000000000001 00007ffeb5dac324
0x0000000006d7f670:   0000000000000000 0000000057f53374
0x0000000006d7f680:   0000000057f30000 0000000000000000
0x0000000006d7f690:   000030b0eeea3dd2 0000000000458a10
0x0000000006d7f6a0:   00007ffeab913300 00007ffeb5ec0d10
0x0000000006d7f6b0:   00007ffeb5ec0d10 00007ff76a51c000 

Instructions: (pc=0x0000000057f5583a)
0x0000000057f5581a:   83 c4 20 5d c3 cc 40 53 48 83 ec 20 48 8b 1d db
0x0000000057f5582a:   5b 01 00 48 85 db 74 1a e8 29 93 ff ff 48 8b d3
0x0000000057f5583a:   4c 8b 00 48 8b c8 48 83 c4 20 5b 49 ff a0 b0 00
0x0000000057f5584a:   00 00 48 83 c4 20 5b c3 cc cc cc cc cc cc cc cc 


Register to memory mapping:

RAX=0x0000000000000000 is an unknown value
RBX=0x00000000025dd9c8 is a global jni handle
RCX=0x0000000005bd7800 is an unknown value
RDX=0x00000000025dd9c8 is a global jni handle
RSP=0x0000000006d7f5c0 is an unknown value
RBP=0x000000000044a300 is an unknown value
RSI=0x0000000000000001 is an unknown value
RDI=0x0000000000000000 is an unknown value
R8 =0x0000000000010002 is an unknown value
R9 =0x000000000044a300 is an unknown value
R10=0x0000000000000000 is an unknown value
R11=0x0000000000000286 is an unknown value
R12=0x000000000044a330 is an unknown value
R13=0x000000000044a300 is an unknown value
R14=0x000000000044a310 is an unknown value
R15=0x0000000000000000 is an unknown value


Stack: [0x0000000006c80000,0x0000000006d80000],  sp=0x0000000006d7f5c0,  free space=1021k
Native frames: (J=compiled Java code, j=interpreted, Vv=VM code, C=native code)
C  [glass.dll+0x2583a]
C  [glass.dll+0x23214]
C  [glass.dll+0x23496]
C  [ntdll.dll+0x1c324]
C  [ntdll.dll+0x1b732]
C  [ntdll.dll+0x18438]
C  [KERNEL32.DLL+0x516a]
C  [msvcr100.dll+0x20ccd]
V  [jvm.dll+0x210cc5]
V  [jvm.dll+0x249897]
V  [jvm.dll+0x248b36]
V  [jvm.dll+0x248fd1]
V  [jvm.dll+0x2491ee]
V  [jvm.dll+0x29a0fa]
C  [msvcr100.dll+0x21d9f]
C  [msvcr100.dll+0x21e3b]
C  [KERNEL32.DLL+0x13d2]
C  [ntdll.dll+0x15444]

VM_Operation (0x0000000008839810): Exit, mode: safepoint, requested by thread 0x0000000007930000


---------------  P R O C E S S  ---------------

Java Threads: ( => current thread )
  0x0000000007d09000 JavaThread "Prism Font Disposer" daemon [_thread_blocked, id=5408, stack(0x000000000bd50000,0x000000000be50000)]
  0x0000000007bfd000 JavaThread "Thread-3" daemon [_thread_in_native, id=5460, stack(0x000000000a2e0000,0x000000000a3e0000)]
  0x0000000007bd5800 JavaThread "JavaFX-Launcher" [_thread_blocked, id=3860, stack(0x000000000a3e0000,0x000000000a4e0000)]
  0x0000000007930000 JavaThread "JavaFX Application Thread" [_thread_blocked, id=8004, stack(0x0000000008740000,0x0000000008840000)]
  0x000000000792e800 JavaThread "Thread-1" daemon [_thread_blocked, id=1228, stack(0x0000000008640000,0x0000000008740000)]
  0x0000000007912000 JavaThread "QuantumRenderer-0" daemon [_thread_blocked, id=8740, stack(0x0000000008360000,0x0000000008460000)]
  0x0000000005c6e000 JavaThread "Service Thread" daemon [_thread_blocked, id=6256, stack(0x0000000007960000,0x0000000007a60000)]
  0x0000000005c17800 JavaThread "C1 CompilerThread2" daemon [_thread_blocked, id=6436, stack(0x0000000007460000,0x0000000007560000)]
  0x0000000005c14000 JavaThread "C2 CompilerThread1" daemon [_thread_blocked, id=8352, stack(0x0000000007360000,0x0000000007460000)]
  0x0000000005c0d000 JavaThread "C2 CompilerThread0" daemon [_thread_blocked, id=8028, stack(0x0000000007260000,0x0000000007360000)]
  0x0000000005c0c000 JavaThread "Attach Listener" daemon [_thread_blocked, id=4840, stack(0x0000000007160000,0x0000000007260000)]
  0x0000000005c0b000 JavaThread "Signal Dispatcher" daemon [_thread_blocked, id=8776, stack(0x0000000007060000,0x0000000007160000)]
  0x0000000002607800 JavaThread "Finalizer" daemon [_thread_blocked, id=6876, stack(0x0000000006e80000,0x0000000006f80000)]
  0x0000000005bd9000 JavaThread "Reference Handler" daemon [_thread_blocked, id=8300, stack(0x0000000006d80000,0x0000000006e80000)]
  0x0000000002510800 JavaThread "main" [_thread_blocked, id=3984, stack(0x0000000002410000,0x0000000002510000)]

Other Threads:
=>0x0000000005bd7800 VMThread [stack: 0x0000000006c80000,0x0000000006d80000] [id=8912]

VM state:at safepoint (shutting down)

VM Mutex/Monitor currently owned by a thread:  ([mutex/lock_event])
[0x000000000240c4e0] Threads_lock - owner thread: 0x0000000005bd7800

Heap:
 PSYoungGen      total 18944K, used 17099K [0x00000000eb200000, 0x00000000ec700000, 0x0000000100000000)
  eden space 16384K, 88% used [0x00000000eb200000,0x00000000ec03abf8,0x00000000ec200000)
  from space 2560K, 98% used [0x00000000ec200000,0x00000000ec478020,0x00000000ec480000)
  to   space 2560K, 0% used [0x00000000ec480000,0x00000000ec480000,0x00000000ec700000)
 ParOldGen       total 44032K, used 224K [0x00000000c1600000, 0x00000000c4100000, 0x00000000eb200000)
  object space 44032K, 0% used [0x00000000c1600000,0x00000000c1638000,0x00000000c4100000)
 Metaspace       used 14248K, capacity 15002K, committed 15104K, reserved 1062912K
  class space    used 2061K, capacity 2221K, committed 2304K, reserved 1048576K

Card table byte_map: [0x00000000029d0000,0x0000000002bd0000] byte_map_base: 0x00000000023c5000

Marking Bits: (ParMarkBitMap*) 0x00000000588aa5b0
 Begin Bits: [0x0000000003120000, 0x00000000040c8000)
 End Bits:   [0x00000000040c8000, 0x0000000005070000)

Polling page: 0x0000000000410000

CodeCache: size=245760Kb used=4963Kb max_used=4963Kb free=240796Kb
 bounds [0x000000000f010000, 0x000000000f4f0000, 0x000000001e010000]
 total_blobs=2194 nmethods=1574 adapters=532
 compilation: enabled

Compilation events (10 events):
Event: 9.136 Thread 0x0000000005c17800 1572       3       java.nio.DirectByteBuffer::ix (10 bytes)
Event: 9.136 Thread 0x0000000005c17800 nmethod 1572 0x000000000f4d9bd0 code [0x000000000f4d9d20, 0x000000000f4d9e70]
Event: 9.136 Thread 0x0000000005c17800 1571       3       com.sun.javafx.util.Utils::assertionEnabled (24 bytes)
Event: 9.136 Thread 0x0000000005c17800 nmethod 1571 0x000000000f4d9890 code [0x000000000f4d99e0, 0x000000000f4d9b30]
Event: 9.136 Thread 0x0000000005c17800 1569  s    3       javafx.scene.text.Font::getDefault (26 bytes)
Event: 9.136 Thread 0x0000000005c17800 nmethod 1569 0x000000000f4d8e50 code [0x000000000f4d9020, 0x000000000f4d9678]
Event: 9.173 Thread 0x0000000005c17800 1573       1       java.lang.invoke.InnerClassLambdaMetafactory::access$000 (5 bytes)
Event: 9.173 Thread 0x0000000005c17800 nmethod 1573 0x000000000f4d8b90 code [0x000000000f4d8ce0, 0x000000000f4d8dd0]
Event: 9.173 Thread 0x0000000005c17800 1574       1       java.lang.invoke.InnerClassLambdaMetafactory::access$400 (5 bytes)
Event: 9.173 Thread 0x0000000005c17800 nmethod 1574 0x000000000f4d88d0 code [0x000000000f4d8a20, 0x000000000f4d8b10]

GC Heap History (2 events):
Event: 0.631 GC heap before
{Heap before GC invocations=1 (full 0):
 PSYoungGen      total 18944K, used 16384K [0x00000000eb200000, 0x00000000ec700000, 0x0000000100000000)
  eden space 16384K, 100% used [0x00000000eb200000,0x00000000ec200000,0x00000000ec200000)
  from space 2560K, 0% used [0x00000000ec480000,0x00000000ec480000,0x00000000ec700000)
  to   space 2560K, 0% used [0x00000000ec200000,0x00000000ec200000,0x00000000ec480000)
 ParOldGen       total 44032K, used 0K [0x00000000c1600000, 0x00000000c4100000, 0x00000000eb200000)
  object space 44032K, 0% used [0x00000000c1600000,0x00000000c1600000,0x00000000c4100000)
 Metaspace       used 9756K, capacity 10154K, committed 10496K, reserved 1058816K
  class space    used 1306K, capacity 1413K, committed 1536K, reserved 1048576K
Event: 0.636 GC heap after
Heap after GC invocations=1 (full 0):
 PSYoungGen      total 18944K, used 2528K [0x00000000eb200000, 0x00000000ec700000, 0x0000000100000000)
  eden space 16384K, 0% used [0x00000000eb200000,0x00000000eb200000,0x00000000ec200000)
  from space 2560K, 98% used [0x00000000ec200000,0x00000000ec478020,0x00000000ec480000)
  to   space 2560K, 0% used [0x00000000ec480000,0x00000000ec480000,0x00000000ec700000)
 ParOldGen       total 44032K, used 224K [0x00000000c1600000, 0x00000000c4100000, 0x00000000eb200000)
  object space 44032K, 0% used [0x00000000c1600000,0x00000000c1638000,0x00000000c4100000)
 Metaspace       used 9756K, capacity 10154K, committed 10496K, reserved 1058816K
  class space    used 1306K, capacity 1413K, committed 1536K, reserved 1048576K
}

Deoptimization events (10 events):
Event: 0.718 Thread 0x0000000007930000 Uncommon trap: reason=class_check action=maybe_recompile pc=0x000000000f23d220 method=java.io.DataInputStream.readShort()S @ 4
Event: 0.719 Thread 0x0000000007930000 Uncommon trap: reason=class_check action=maybe_recompile pc=0x000000000f23d220 method=java.io.DataInputStream.readShort()S @ 4
Event: 0.719 Thread 0x0000000007930000 Uncommon trap: reason=class_check action=maybe_recompile pc=0x000000000f23d220 method=java.io.DataInputStream.readShort()S @ 4
Event: 0.726 Thread 0x0000000007930000 Uncommon trap: reason=class_check action=maybe_recompile pc=0x000000000f122e30 method=java.lang.String.equals(Ljava/lang/Object;)Z @ 8
Event: 0.726 Thread 0x0000000007930000 Uncommon trap: reason=class_check action=maybe_recompile pc=0x000000000f122e30 method=java.lang.String.equals(Ljava/lang/Object;)Z @ 8
Event: 0.726 Thread 0x0000000007930000 Uncommon trap: reason=class_check action=maybe_recompile pc=0x000000000f122e30 method=java.lang.String.equals(Ljava/lang/Object;)Z @ 8
Event: 0.788 Thread 0x0000000007930000 Uncommon trap: reason=class_check action=maybe_recompile pc=0x000000000f122e30 method=java.lang.String.equals(Ljava/lang/Object;)Z @ 8
Event: 0.813 Thread 0x0000000007930000 Uncommon trap: reason=unstable_if action=reinterpret pc=0x000000000f2cd918 method=sun.net.www.ParseUtil.encodePath(Ljava/lang/String;Z)Ljava/lang/String; @ 109
Event: 3.047 Thread 0x0000000007930000 Uncommon trap: reason=unstable_if action=reinterpret pc=0x000000000f2bf6e8 method=jdk.internal.org.objectweb.asm.Type.getArgumentsAndReturnSizes(Ljava/lang/String;)I @ 47
Event: 5.236 Thread 0x0000000007930000 Uncommon trap: reason=unstable_if action=reinterpret pc=0x000000000f380c10 method=java.util.HashMap.isEmpty()Z @ 4

Internal exceptions (10 events):
Event: 0.165 Thread 0x0000000002510800 Exception <a 'java/lang/NoSuchFieldError': method resolution failed> (0x00000000eb425840) thrown at [C:\re\workspace\8-2-build-windows-amd64-cygwin\jdk8u66\5298\hotspot\src\share\vm\prims\methodHandles.cpp, line 1146]
Event: 0.191 Thread 0x0000000002510800 Exception <a 'java/security/PrivilegedActionException'> (0x00000000eb4b0a98) thrown at [C:\re\workspace\8-2-build-windows-amd64-cygwin\jdk8u66\5298\hotspot\src\share\vm\prims\jvm.cpp, line 1386]
Event: 0.191 Thread 0x0000000002510800 Exception <a 'java/security/PrivilegedActionException'> (0x00000000eb4b0ca8) thrown at [C:\re\workspace\8-2-build-windows-amd64-cygwin\jdk8u66\5298\hotspot\src\share\vm\prims\jvm.cpp, line 1386]
Event: 0.192 Thread 0x0000000002510800 Exception <a 'java/security/PrivilegedActionException'> (0x00000000eb4b4af0) thrown at [C:\re\workspace\8-2-build-windows-amd64-cygwin\jdk8u66\5298\hotspot\src\share\vm\prims\jvm.cpp, line 1386]
Event: 0.192 Thread 0x0000000002510800 Exception <a 'java/security/PrivilegedActionException'> (0x00000000eb4b4d00) thrown at [C:\re\workspace\8-2-build-windows-amd64-cygwin\jdk8u66\5298\hotspot\src\share\vm\prims\jvm.cpp, line 1386]
Event: 0.193 Thread 0x0000000002510800 Exception <a 'java/lang/NullPointerException'> (0x00000000eb4b52d8) thrown at [C:\re\workspace\8-2-build-windows-amd64-cygwin\jdk8u66\5298\hotspot\src\share\vm\interpreter\linkResolver.cpp, line 1178]
Event: 0.435 Thread 0x0000000007930000 Exception <a 'java/lang/NullPointerException'> (0x00000000ebc3a018) thrown at [C:\re\workspace\8-2-build-windows-amd64-cygwin\jdk8u66\5298\hotspot\src\share\vm\interpreter\linkResolver.cpp, line 1178]
Event: 0.435 Thread 0x0000000007930000 Exception <a 'java/lang/NullPointerException'> (0x00000000ebc3a018) thrown at [C:\re\workspace\8-2-build-windows-amd64-cygwin\jdk8u66\5298\hotspot\src\share\vm\prims\jvm.cpp, line 1390]
Event: 0.572 Thread 0x0000000007930000 Implicit null exception at 0x000000000f2546b5 to 0x000000000f254885
Event: 9.176 Thread 0x0000000007749800 Exception <a 'java/lang/IllegalStateException'> (0x00000000ec030a28) thrown at [C:\re\workspace\8-2-build-windows-amd64-cygwin\jdk8u66\5298\hotspot\src\share\vm\prims\jvm.cpp, line 1390]

Events (10 events):
Event: 9.175 loading class java/util/HashMap$KeyIterator
Event: 9.175 loading class java/util/HashMap$KeyIterator done
Event: 9.175 loading class com/sun/javafx/tk/quantum/QuantumToolkit
Event: 9.175 loading class com/sun/javafx/tk/quantum/QuantumToolkit done
Event: 9.175 loading class java/util/LinkedList$ListItr
Event: 9.175 loading class java/util/LinkedList$ListItr done
Event: 9.176 loading class com/sun/prism/ResourceFactoryListener
Event: 9.176 loading class com/sun/prism/ResourceFactoryListener done
Event: 9.176 Thread 0x0000000007749800 Thread exited: 0x0000000007749800
Event: 9.176 Executing VM operation: Exit


Dynamic libraries:
0x00007ff76a7e0000 - 0x00007ff76a817000 	C:\Program Files\Java\jdk1.8.0_66\bin\javaw.exe
0x00007ffeb5d90000 - 0x00007ffeb5f3c000 	C:\Windows\SYSTEM32\ntdll.dll
0x00007ffeb39c0000 - 0x00007ffeb3afe000 	C:\Windows\system32\KERNEL32.DLL
0x00007ffeb30c0000 - 0x00007ffeb31d5000 	C:\Windows\system32\KERNELBASE.dll
0x00007ffeb1a40000 - 0x00007ffeb1ace000 	C:\Windows\system32\apphelp.dll
0x00007ffe9d350000 - 0x00007ffe9d3a3000 	C:\Windows\AppPatch\AppPatch64\AcGenral.DLL
0x00007ffeb3ca0000 - 0x00007ffeb3d4a000 	C:\Windows\system32\msvcrt.dll
0x00007ffeb2d60000 - 0x00007ffeb2d8e000 	C:\Windows\SYSTEM32\SspiCli.dll
0x00007ffeb44c0000 - 0x00007ffeb4514000 	C:\Windows\system32\SHLWAPI.dll
0x00007ffeb3690000 - 0x00007ffeb3807000 	C:\Windows\system32\USER32.dll
0x00007ffeb3b00000 - 0x00007ffeb3c94000 	C:\Windows\system32\ole32.dll
0x00007ffeb4530000 - 0x00007ffeb5a49000 	C:\Windows\system32\SHELL32.dll
0x00007ffeb24e0000 - 0x00007ffeb2501000 	C:\Windows\SYSTEM32\USERENV.dll
0x00007ffeb5ae0000 - 0x00007ffeb5b8a000 	C:\Windows\system32\ADVAPI32.dll
0x00007ffeab090000 - 0x00007ffeab0ae000 	C:\Windows\SYSTEM32\MPR.dll
0x00007ffeb3420000 - 0x00007ffeb3561000 	C:\Windows\system32\RPCRT4.dll
0x00007ffeb3570000 - 0x00007ffeb35c9000 	C:\Windows\SYSTEM32\sechost.dll
0x00007ffeb40d0000 - 0x00007ffeb42e1000 	C:\Windows\SYSTEM32\combase.dll
0x00007ffeb4370000 - 0x00007ffeb44c0000 	C:\Windows\system32\GDI32.dll
0x00007ffeb2ef0000 - 0x00007ffeb2f05000 	C:\Windows\SYSTEM32\profapi.dll
0x00007ffeb16d0000 - 0x00007ffeb1782000 	C:\Windows\SYSTEM32\SHCORE.dll
0x00007ffeb4090000 - 0x00007ffeb40c6000 	C:\Windows\system32\IMM32.DLL
0x00007ffeb3f30000 - 0x00007ffeb4082000 	C:\Windows\system32\MSCTF.dll
0x00007ffeb2eb0000 - 0x00007ffeb2edf000 	C:\Windows\system32\nvinitx.dll
0x000000000f000000 - 0x000000000f006000 	C:\Program Files\NVIDIA Corporation\CoProcManager\_etoured.dll
0x00007ffeb0d20000 - 0x00007ffeb0d53000 	C:\Program Files\NVIDIA Corporation\CoProcManager\nvd3d9wrapx.dll
0x00007ffeb3d50000 - 0x00007ffeb3f2a000 	C:\Windows\system32\SETUPAPI.dll
0x00007ffeb2fc0000 - 0x00007ffeb300f000 	C:\Windows\system32\CFGMGR32.dll
0x00007ffeb0cf0000 - 0x00007ffeb0d13000 	C:\Program Files\NVIDIA Corporation\CoProcManager\nvdxgiwrapx.dll
0x00007ffeb0f50000 - 0x00007ffeb11ca000 	C:\Windows\WinSxS\amd64_microsoft.windows.common-controls_6595b64144ccf1df_6.0.9600.17810_none_6240b9c7ecbd0bda\COMCTL32.dll
0x0000000058930000 - 0x0000000058a02000 	C:\Program Files\Java\jdk1.8.0_66\jre\bin\msvcr100.dll
0x00000000580a0000 - 0x0000000058929000 	C:\Program Files\Java\jdk1.8.0_66\jre\bin\server\jvm.dll
0x00007ffe9f790000 - 0x00007ffe9f799000 	C:\Windows\SYSTEM32\WSOCK32.dll
0x00007ffeb0130000 - 0x00007ffeb0152000 	C:\Windows\SYSTEM32\WINMM.dll
0x00007ffeb0160000 - 0x00007ffeb016a000 	C:\Windows\SYSTEM32\VERSION.dll
0x00007ffeb5ad0000 - 0x00007ffeb5ad7000 	C:\Windows\system32\PSAPI.DLL
0x00007ffeb5b90000 - 0x00007ffeb5bea000 	C:\Windows\system32\WS2_32.dll
0x00007ffeb00f0000 - 0x00007ffeb011a000 	C:\Windows\SYSTEM32\WINMMBASE.dll
0x00007ffeb4520000 - 0x00007ffeb4529000 	C:\Windows\system32\NSI.dll
0x00007ffeb1ce0000 - 0x00007ffeb1d08000 	C:\Windows\SYSTEM32\DEVOBJ.dll
0x0000000058090000 - 0x000000005809f000 	C:\Program Files\Java\jdk1.8.0_66\jre\bin\verify.dll
0x0000000058060000 - 0x0000000058089000 	C:\Program Files\Java\jdk1.8.0_66\jre\bin\java.dll
0x0000000058040000 - 0x0000000058056000 	C:\Program Files\Java\jdk1.8.0_66\jre\bin\zip.dll
0x00007ffe96a60000 - 0x00007ffe96b4f000 	C:\Program Files\Java\jdk1.8.0_66\jre\bin\msvcr120.dll
0x00007ffe969b0000 - 0x00007ffe96a56000 	C:\Program Files\Java\jdk1.8.0_66\jre\bin\msvcp120.dll
0x0000000057f80000 - 0x0000000057fa3000 	C:\Program Files\Java\jdk1.8.0_66\jre\bin\prism_d3d.dll
0x00007ffe9c360000 - 0x00007ffe9c581000 	C:\Windows\system32\d3d9.dll
0x00007ffeb1210000 - 0x00007ffeb1231000 	C:\Windows\SYSTEM32\dwmapi.dll
0x00007ffeb1b90000 - 0x00007ffeb1cb9000 	C:\Windows\system32\uxtheme.dll
0x00007ffeafff0000 - 0x00007ffeb00e6000 	C:\Windows\SYSTEM32\nvumdshimx.dll
0x0000000180000000 - 0x0000000180806000 	C:\Windows\system32\igdumd64.dll
0x00007ffe871c0000 - 0x00007ffe88276000 	C:\Windows\system32\nvd3dumx.dll
0x0000000057f30000 - 0x0000000057f73000 	C:\Program Files\Java\jdk1.8.0_66\jre\bin\glass.dll
0x00007ffeb35d0000 - 0x00007ffeb3686000 	C:\Windows\system32\COMDLG32.dll
0x00007ffeb5c00000 - 0x00007ffeb5cc1000 	C:\Windows\system32\OLEAUT32.dll
0x00007ffeab900000 - 0x00007ffeab948000 	C:\Program Files (x86)\TeamViewer\tv_x64.dll
0x00007ffeb1b70000 - 0x00007ffeb1b7b000 	C:\Windows\SYSTEM32\kernel.appcore.dll
0x00007ffeb2e00000 - 0x00007ffeb2e0b000 	C:\Windows\SYSTEM32\CRYPTBASE.dll
0x00007ffeb2d90000 - 0x00007ffeb2df3000 	C:\Windows\SYSTEM32\bcryptPrimitives.dll
0x0000000057f10000 - 0x0000000057f24000 	C:\Program Files\Java\jdk1.8.0_66\jre\bin\javafx_font.dll
0x00007ffeae8e0000 - 0x00007ffeaeacd000 	C:\Windows\SYSTEM32\dwrite.dll
0x00007ffeb5cd0000 - 0x00007ffeb5d86000 	C:\Windows\SYSTEM32\clbcatq.dll
0x00007ffeac6b0000 - 0x00007ffeac85e000 	C:\Windows\SYSTEM32\WindowsCodecs.dll
0x00007ffeb2800000 - 0x00007ffeb2820000 	C:\Windows\SYSTEM32\CRYPTSP.dll
0x00007ffeb23d0000 - 0x00007ffeb2406000 	C:\Windows\system32\rsaenh.dll
0x00007ffeb2a50000 - 0x00007ffeb2a76000 	C:\Windows\SYSTEM32\bcrypt.dll
0x00007ffeab2b0000 - 0x00007ffeab2de000 	C:\Program Files\Common Files\Microsoft Shared\Ink\rtscom.dll
0x0000000057ef0000 - 0x0000000057f01000 	C:\Program Files\Java\jdk1.8.0_66\jre\bin\prism_common.dll
0x00007ffea89c0000 - 0x00007ffea8b49000 	C:\Windows\SYSTEM32\dbghelp.dll

VM Arguments:
jvm_args: -Dfile.encoding=Cp1252 
java_command: com.pro.Javafx
java_class_path (initial): C:\Users\ROHIT SHELAR\Rohit\Project 1 with JavaFX;C:\Program Files\Oracle\JavaFX 2.2 SDK\lib\ant-javafx.jar;C:\Program Files\Oracle\JavaFX 2.2 SDK\lib\javafx-doclet.jar;C:\Program Files\Oracle\JavaFX 2.2 SDK\lib\javafx-mx.jar;D:\KETKEE hcl\com.mysql.jdbc_5.1.5.jar
Launcher Type: SUN_STANDARD

Environment Variables:
JAVA_HOME=C:\Program Files\Java\jdk1.8.0_66
CLASSPATH=C:\ojdbc6.jar
PATH=C:/Program Files/Java/jre1.8.0_66/bin/server;C:/Program Files/Java/jre1.8.0_66/bin;C:/Program Files/Java/jre1.8.0_66/lib/amd64;C:\oracle\product\11.2.0\dbhome_1\bin;C:\Perl64\site\bin;C:\Perl64\bin;C:\ProgramData\Oracle\Java\javapath;C:\Windows\system32;C:\Windows;C:\Windows\System32\Wbem;C:\Windows\System32\WindowsPowerShell\v1.0\;C:\Program Files (x86)\Skype\Phone\;C:\Program Files\7-Zip;C:\Program Files (x86)\Windows Kits\8.1\Windows Performance Toolkit\;C:\Program Files\Microsoft SQL Server\110\Tools\Binn\;C:\Program Files\Java\jre1.8.0_20\bin;C:\Program Files (x86)\Java\jdk1.7.0\bin;C:\Program Files (x86)\Common Files\lenovo\easyplussdk\bin;C:\Program Files\Java\jdk1.8.0_66;C:\Program Files\Java\jre1.8.0_20\bin;C:\Program Files (x86)\FreeArc\bin;C:\Program Files\Java\jdk1.8.0_66;D:\eclipse-jee-mars-M1-win32-x86_64\eclipse;
USERNAME=ROHIT SHELAR
OS=Windows_NT
PROCESSOR_IDENTIFIER=Intel64 Family 6 Model 42 Stepping 7, GenuineIntel



---------------  S Y S T E M  ---------------

OS: Windows 8.1 , 64 bit Build 9600 (6.3.9600.17415)

CPU:total 4 (2 cores per cpu, 2 threads per core) family 6 model 42 stepping 7, cmov, cx8, fxsr, mmx, sse, sse2, sse3, ssse3, sse4.1, sse4.2, popcnt, avx, aes, clmul, ht, tsc, tscinvbit

Memory: 4k page, physical 4099236k(1102964k free), swap 10273028k(1834132k free)

vm_info: Java HotSpot(TM) 64-Bit Server VM (25.66-b18) for windows-amd64 JRE (1.8.0_66-b18), built on Nov  9 2015 10:51:13 by "java_re" with MS VC++ 10.0 (VS2010)

time: Thu Jan 21 15:58:43 2016
elapsed time: 9 seconds (0d 0h 0m 9s)

