#
# A fatal error has been detected by the Java Runtime Environment:
#
#  EXCEPTION_ACCESS_VIOLATION (0xc0000005) at pc=0x0000000000000000, pid=9108, tid=9192
#
# JRE version: Java(TM) SE Runtime Environment (8.0_66-b18) (build 1.8.0_66-b18)
# Java VM: Java HotSpot(TM) 64-Bit Server VM (25.66-b18 mixed mode windows-amd64 compressed oops)
# Problematic frame:
# C  0x0000000000000000
#
# Failed to write core dump. Minidumps are not enabled by default on client versions of Windows
#
# If you would like to submit a bug report, please visit:
#   http://bugreport.java.com/bugreport/crash.jsp
#

---------------  T H R E A D  ---------------

Current thread (0x00000000062b0800):  JavaThread "JDWP Transport Listener: dt_socket" daemon [_thread_in_vm, id=9192, stack(0x0000000007900000,0x0000000007a00000)]

siginfo: ExceptionCode=0xc0000005, ExceptionInformation=0x0000000000000008 0x0000000000000000

Registers:
RAX=0x00000000079ff601, RBX=0x0000000007ea14e8, RCX=0x0000000007ea14e8, RDX=0x0000000005f9e380
RSP=0x00000000079ff648, RBP=0x0000000007ea14b0, RSI=0x00000000079ff768, RDI=0x0000000002a99730
R8 =0x00000000062b0800, R9 =0x0000000000008000, R10=0x0000000000000000, R11=0x00000000079ff8c4
R12=0x0000000000000000, R13=0x00000000062a5358, R14=0x0000000000000000, R15=0x0000000000000000
RIP=0x0000000000000000, EFLAGS=0x0000000000010206

Top of Stack: (sp=0x00000000079ff648)
0x00000000079ff648:   00000000581c8b4c 00000000062b0800
0x00000000079ff658:   00000000062b0800 00000000079ff718
0x00000000079ff668:   00000000583ce2eb 00000000062b0800
0x00000000079ff678:   00000000583eab4d 0000000000000000
0x00000000079ff688:   0000000057ff9155 0000000007dd7850
0x00000000079ff698:   000000005800291e 00000000062b0800
0x00000000079ff6a8:   0000000000000000 0000000000000000
0x00000000079ff6b8:   0000000000000000 0000000007ea14b0
0x00000000079ff6c8:   0000000058001a15 00000000079ff768
0x00000000079ff6d8:   00000000079ff740 0000000000000001
0x00000000079ff6e8:   0000000007dd7850 0000000007ea14b0
0x00000000079ff6f8:   0000000057fe53b3 00000000079ff830
0x00000000079ff708:   0000000000000001 0000000000000001
0x00000000079ff718:   0000000007dd7850 0000000000000001
0x00000000079ff728:   0000000000000000 0000000000000000
0x00000000079ff738:   0000000000000000 0000000000000001 

Instructions: (pc=0x0000000000000000)
0xffffffffffffffe0:   


Register to memory mapping:

RAX=0x00000000079ff601 is pointing into the stack for thread: 0x00000000062b0800
RBX=0x0000000007ea14e8 is an unknown value
RCX=0x0000000007ea14e8 is an unknown value
RDX={method} {0x0000000005f9e388} 'display' '()V' in 'com/pro/Corse'
RSP=0x00000000079ff648 is pointing into the stack for thread: 0x00000000062b0800
RBP=0x0000000007ea14b0 is an unknown value
RSI=0x00000000079ff768 is pointing into the stack for thread: 0x00000000062b0800
RDI=0x0000000002a99730 is an unknown value
R8 =0x00000000062b0800 is a thread
R9 =0x0000000000008000 is an unknown value
R10=0x0000000000000000 is an unknown value
R11=0x00000000079ff8c4 is pointing into the stack for thread: 0x00000000062b0800
R12=0x0000000000000000 is an unknown value
R13=0x00000000062a5358 is an unknown value
R14=0x0000000000000000 is an unknown value
R15=0x0000000000000000 is an unknown value


Stack: [0x0000000007900000,0x0000000007a00000],  sp=0x00000000079ff648,  free space=1021k
Native frames: (J=compiled Java code, j=interpreted, Vv=VM code, C=native code)


---------------  P R O C E S S  ---------------

Java Threads: ( => current thread )
  0x0000000007e14000 JavaThread "MySQL Statement Cancellation Timer" daemon [_thread_blocked, id=8356, stack(0x0000000008500000,0x0000000008600000)]
  0x0000000007d44000 JavaThread "Service Thread" daemon [_thread_blocked, id=8228, stack(0x0000000008300000,0x0000000008400000)]
  0x0000000007d21000 JavaThread "C1 CompilerThread2" daemon [_thread_blocked, id=8224, stack(0x0000000008200000,0x0000000008300000)]
  0x0000000007d18800 JavaThread "C2 CompilerThread1" daemon [_thread_blocked, id=8220, stack(0x0000000008100000,0x0000000008200000)]
  0x00000000062c8800 JavaThread "C2 CompilerThread0" daemon [_thread_blocked, id=9208, stack(0x0000000007c00000,0x0000000007d00000)]
  0x00000000062b7800 JavaThread "JDWP Command Reader" daemon [_thread_in_native, id=9200, stack(0x0000000007b00000,0x0000000007c00000)]
  0x00000000062b3000 JavaThread "JDWP Event Helper Thread" daemon [_thread_blocked, id=9196, stack(0x0000000007a00000,0x0000000007b00000)]
=>0x00000000062b0800 JavaThread "JDWP Transport Listener: dt_socket" daemon [_thread_in_vm, id=9192, stack(0x0000000007900000,0x0000000007a00000)]
  0x000000000629b000 JavaThread "Attach Listener" daemon [_thread_blocked, id=9176, stack(0x0000000007800000,0x0000000007900000)]
  0x000000000629a000 JavaThread "Signal Dispatcher" daemon [_thread_blocked, id=9172, stack(0x0000000007700000,0x0000000007800000)]
  0x0000000002c98000 JavaThread "Finalizer" daemon [_thread_blocked, id=9164, stack(0x0000000007520000,0x0000000007620000)]
  0x0000000002c8f000 JavaThread "Reference Handler" daemon [_thread_blocked, id=9160, stack(0x0000000007420000,0x0000000007520000)]
  0x0000000002a9e800 JavaThread "main" [_thread_in_native, id=9136, stack(0x0000000002aa0000,0x0000000002ba0000)]

Other Threads:
  0x0000000006267800 VMThread [stack: 0x0000000007320000,0x0000000007420000] [id=9156]
  0x0000000007d4a800 WatcherThread [stack: 0x0000000008400000,0x0000000008500000] [id=8232]

VM state:not at safepoint (normal execution)

VM Mutex/Monitor currently owned by a thread: None

Heap:
 PSYoungGen      total 18944K, used 8039K [0x00000000eb200000, 0x00000000ec700000, 0x0000000100000000)
  eden space 16384K, 49% used [0x00000000eb200000,0x00000000eb9d9f28,0x00000000ec200000)
  from space 2560K, 0% used [0x00000000ec480000,0x00000000ec480000,0x00000000ec700000)
  to   space 2560K, 0% used [0x00000000ec200000,0x00000000ec200000,0x00000000ec480000)
 ParOldGen       total 44032K, used 0K [0x00000000c1600000, 0x00000000c4100000, 0x00000000eb200000)
  object space 44032K, 0% used [0x00000000c1600000,0x00000000c1600000,0x00000000c4100000)
 Metaspace       used 7567K, capacity 7672K, committed 7808K, reserved 1056768K
  class space    used 743K, capacity 788K, committed 896K, reserved 1048576K

Card table byte_map: [0x0000000003060000,0x0000000003260000] byte_map_base: 0x0000000002a55000

Marking Bits: (ParMarkBitMap*) 0x00000000588aa5b0
 Begin Bits: [0x00000000037b0000, 0x0000000004758000)
 End Bits:   [0x0000000004758000, 0x0000000005700000)

Polling page: 0x0000000000a60000

CodeCache: size=245760Kb used=1321Kb max_used=1321Kb free=244438Kb
 bounds [0x000000000f010000, 0x000000000f280000, 0x000000001e010000]
 total_blobs=461 nmethods=121 adapters=261
 compilation: enabled

Compilation events (10 events):
Event: 17399.880 Thread 0x0000000007d21000  116       3       java.lang.ClassLoader::checkName (43 bytes)
Event: 17399.881 Thread 0x0000000007d21000 nmethod 116 0x000000000f158a90 code [0x000000000f158c60, 0x000000000f159418]
Event: 17399.881 Thread 0x0000000007d21000  117       3       sun.misc.VM::allowArraySyntax (4 bytes)
Event: 17399.881 Thread 0x0000000007d21000 nmethod 117 0x000000000f159710 code [0x000000000f159860, 0x000000000f1599b0]
Event: 17399.881 Thread 0x0000000007d21000  121       3       java.nio.DirectLongBufferU::ix (10 bytes)
Event: 17399.881 Thread 0x0000000007d21000 nmethod 121 0x000000000f159a10 code [0x000000000f159b60, 0x000000000f159cd0]
Event: 17399.881 Thread 0x0000000007d21000  119  s    3       sun.misc.PerfCounter::add (18 bytes)
Event: 17399.881 Thread 0x0000000007d21000 nmethod 119 0x000000000f159d50 code [0x000000000f159ee0, 0x000000000f15a578]
Event: 17399.881 Thread 0x0000000007d21000  120  s    3       sun.misc.PerfCounter::get (9 bytes)
Event: 17399.881 Thread 0x0000000007d21000 nmethod 120 0x000000000f15a810 code [0x000000000f15a980, 0x000000000f15ad08]

GC Heap History (0 events):
No events

Deoptimization events (0 events):
No events

Internal exceptions (10 events):
Event: 25.102 Thread 0x0000000002a9e800 Exception <a 'java/security/PrivilegedActionException'> (0x00000000eb4d3858) thrown at [C:\re\workspace\8-2-build-windows-amd64-cygwin\jdk8u66\5298\hotspot\src\share\vm\prims\jvm.cpp, line 1386]
Event: 25.102 Thread 0x0000000002a9e800 Exception <a 'java/security/PrivilegedActionException'> (0x00000000eb4d3c50) thrown at [C:\re\workspace\8-2-build-windows-amd64-cygwin\jdk8u66\5298\hotspot\src\share\vm\prims\jvm.cpp, line 1386]
Event: 25.125 Thread 0x0000000002a9e800 Exception <a 'java/security/PrivilegedActionException'> (0x00000000eb51d340) thrown at [C:\re\workspace\8-2-build-windows-amd64-cygwin\jdk8u66\5298\hotspot\src\share\vm\prims\jvm.cpp, line 1386]
Event: 25.125 Thread 0x0000000002a9e800 Exception <a 'java/security/PrivilegedActionException'> (0x00000000eb51d738) thrown at [C:\re\workspace\8-2-build-windows-amd64-cygwin\jdk8u66\5298\hotspot\src\share\vm\prims\jvm.cpp, line 1386]
Event: 25.127 Thread 0x0000000002a9e800 Exception <a 'java/security/PrivilegedActionException'> (0x00000000eb520400) thrown at [C:\re\workspace\8-2-build-windows-amd64-cygwin\jdk8u66\5298\hotspot\src\share\vm\prims\jvm.cpp, line 1386]
Event: 25.127 Thread 0x0000000002a9e800 Exception <a 'java/security/PrivilegedActionException'> (0x00000000eb5207f8) thrown at [C:\re\workspace\8-2-build-windows-amd64-cygwin\jdk8u66\5298\hotspot\src\share\vm\prims\jvm.cpp, line 1386]
Event: 25.128 Thread 0x0000000002a9e800 Exception <a 'java/security/PrivilegedActionException'> (0x00000000eb523748) thrown at [C:\re\workspace\8-2-build-windows-amd64-cygwin\jdk8u66\5298\hotspot\src\share\vm\prims\jvm.cpp, line 1386]
Event: 25.128 Thread 0x0000000002a9e800 Exception <a 'java/security/PrivilegedActionException'> (0x00000000eb523b40) thrown at [C:\re\workspace\8-2-build-windows-amd64-cygwin\jdk8u66\5298\hotspot\src\share\vm\prims\jvm.cpp, line 1386]
Event: 25.130 Thread 0x0000000002a9e800 Exception <a 'java/security/PrivilegedActionException'> (0x00000000eb526898) thrown at [C:\re\workspace\8-2-build-windows-amd64-cygwin\jdk8u66\5298\hotspot\src\share\vm\prims\jvm.cpp, line 1386]
Event: 25.130 Thread 0x0000000002a9e800 Exception <a 'java/security/PrivilegedActionException'> (0x00000000eb526c90) thrown at [C:\re\workspace\8-2-build-windows-amd64-cygwin\jdk8u66\5298\hotspot\src\share\vm\prims\jvm.cpp, line 1386]

Events (10 events):
Event: 17744.993 Executing VM operation: RedefineClasses
Event: 17744.994 Executing VM operation: RedefineClasses done
Event: 17870.322 Executing VM operation: RedefineClasses
Event: 17870.323 Executing VM operation: RedefineClasses done
Event: 18475.291 Executing VM operation: RedefineClasses
Event: 18475.292 Executing VM operation: RedefineClasses done
Event: 18532.730 Executing VM operation: RedefineClasses
Event: 18532.730 Executing VM operation: RedefineClasses done
Event: 18761.393 Executing VM operation: RedefineClasses
Event: 18761.394 Executing VM operation: RedefineClasses done


Dynamic libraries:
0x00007ff76a7e0000 - 0x00007ff76a817000 	C:\Program Files\Java\jdk1.8.0_66\bin\javaw.exe
0x00007ffeb5d90000 - 0x00007ffeb5f3c000 	C:\Windows\SYSTEM32\ntdll.dll
0x00007ffeb39c0000 - 0x00007ffeb3afe000 	C:\Windows\system32\KERNEL32.DLL
0x00007ffeb30c0000 - 0x00007ffeb31d5000 	C:\Windows\system32\KERNELBASE.dll
0x00007ffeb1a40000 - 0x00007ffeb1ace000 	C:\Windows\system32\apphelp.dll
0x00007ffe9d350000 - 0x00007ffe9d3a3000 	C:\Windows\AppPatch\AppPatch64\AcGenral.DLL
0x00007ffeb3ca0000 - 0x00007ffeb3d4a000 	C:\Windows\system32\msvcrt.dll
0x00007ffeb2d60000 - 0x00007ffeb2d8e000 	C:\Windows\SYSTEM32\SspiCli.dll
0x00007ffeb44c0000 - 0x00007ffeb4514000 	C:\Windows\system32\SHLWAPI.dll
0x00007ffeb3690000 - 0x00007ffeb3807000 	C:\Windows\system32\USER32.dll
0x00007ffeb3b00000 - 0x00007ffeb3c94000 	C:\Windows\system32\ole32.dll
0x00007ffeb4530000 - 0x00007ffeb5a49000 	C:\Windows\system32\SHELL32.dll
0x00007ffeb24e0000 - 0x00007ffeb2501000 	C:\Windows\SYSTEM32\USERENV.dll
0x00007ffeb5ae0000 - 0x00007ffeb5b8a000 	C:\Windows\system32\ADVAPI32.dll
0x00007ffeab090000 - 0x00007ffeab0ae000 	C:\Windows\SYSTEM32\MPR.dll
0x00007ffeb3420000 - 0x00007ffeb3561000 	C:\Windows\system32\RPCRT4.dll
0x00007ffeb3570000 - 0x00007ffeb35c9000 	C:\Windows\SYSTEM32\sechost.dll
0x00007ffeb40d0000 - 0x00007ffeb42e1000 	C:\Windows\SYSTEM32\combase.dll
0x00007ffeb4370000 - 0x00007ffeb44c0000 	C:\Windows\system32\GDI32.dll
0x00007ffeb2ef0000 - 0x00007ffeb2f05000 	C:\Windows\SYSTEM32\profapi.dll
0x00007ffeb16d0000 - 0x00007ffeb1782000 	C:\Windows\SYSTEM32\SHCORE.dll
0x00007ffeb4090000 - 0x00007ffeb40c6000 	C:\Windows\system32\IMM32.DLL
0x00007ffeb3f30000 - 0x00007ffeb4082000 	C:\Windows\system32\MSCTF.dll
0x00007ffeb2eb0000 - 0x00007ffeb2edf000 	C:\Windows\system32\nvinitx.dll
0x000000000f000000 - 0x000000000f006000 	C:\Program Files\NVIDIA Corporation\CoProcManager\_etoured.dll
0x00007ffeb0d20000 - 0x00007ffeb0d53000 	C:\Program Files\NVIDIA Corporation\CoProcManager\nvd3d9wrapx.dll
0x00007ffeb3d50000 - 0x00007ffeb3f2a000 	C:\Windows\system32\SETUPAPI.dll
0x00007ffeb2fc0000 - 0x00007ffeb300f000 	C:\Windows\system32\CFGMGR32.dll
0x00007ffeb0cf0000 - 0x00007ffeb0d13000 	C:\Program Files\NVIDIA Corporation\CoProcManager\nvdxgiwrapx.dll
0x00007ffeb0f50000 - 0x00007ffeb11ca000 	C:\Windows\WinSxS\amd64_microsoft.windows.common-controls_6595b64144ccf1df_6.0.9600.17810_none_6240b9c7ecbd0bda\COMCTL32.dll
0x0000000058930000 - 0x0000000058a02000 	C:\Program Files\Java\jdk1.8.0_66\jre\bin\msvcr100.dll
0x00000000580a0000 - 0x0000000058929000 	C:\Program Files\Java\jdk1.8.0_66\jre\bin\server\jvm.dll
0x00007ffe9f790000 - 0x00007ffe9f799000 	C:\Windows\SYSTEM32\WSOCK32.dll
0x00007ffeb0130000 - 0x00007ffeb0152000 	C:\Windows\SYSTEM32\WINMM.dll
0x00007ffeb0160000 - 0x00007ffeb016a000 	C:\Windows\SYSTEM32\VERSION.dll
0x00007ffeb5ad0000 - 0x00007ffeb5ad7000 	C:\Windows\system32\PSAPI.DLL
0x00007ffeb5b90000 - 0x00007ffeb5bea000 	C:\Windows\system32\WS2_32.dll
0x00007ffeb00f0000 - 0x00007ffeb011a000 	C:\Windows\SYSTEM32\WINMMBASE.dll
0x00007ffeb4520000 - 0x00007ffeb4529000 	C:\Windows\system32\NSI.dll
0x00007ffeb1ce0000 - 0x00007ffeb1d08000 	C:\Windows\SYSTEM32\DEVOBJ.dll
0x0000000058090000 - 0x000000005809f000 	C:\Program Files\Java\jdk1.8.0_66\jre\bin\verify.dll
0x0000000058060000 - 0x0000000058089000 	C:\Program Files\Java\jdk1.8.0_66\jre\bin\java.dll
0x0000000057fe0000 - 0x0000000058015000 	C:\Program Files\Java\jdk1.8.0_66\jre\bin\jdwp.dll
0x0000000057fd0000 - 0x0000000057fd8000 	C:\Program Files\Java\jdk1.8.0_66\jre\bin\npt.dll
0x0000000058040000 - 0x0000000058056000 	C:\Program Files\Java\jdk1.8.0_66\jre\bin\zip.dll
0x0000000057fc0000 - 0x0000000057fc9000 	C:\Program Files\Java\jdk1.8.0_66\jre\bin\dt_socket.dll
0x00007ffeab8d0000 - 0x00007ffeab8e5000 	C:\Windows\system32\napinsp.dll
0x00007ffeab8b0000 - 0x00007ffeab8ca000 	C:\Windows\system32\pnrpnsp.dll
0x00007ffeae8c0000 - 0x00007ffeae8db000 	C:\Windows\system32\NLAapi.dll
0x00007ffeb27a0000 - 0x00007ffeb27f9000 	C:\Windows\System32\mswsock.dll
0x00007ffeb25a0000 - 0x00007ffeb2644000 	C:\Windows\SYSTEM32\DNSAPI.dll
0x00007ffeacdb0000 - 0x00007ffeacdbd000 	C:\Windows\System32\winrnr.dll
0x00007ffeadfa0000 - 0x00007ffeae00b000 	C:\Windows\System32\fwpuclnt.dll
0x00007ffea09b0000 - 0x00007ffea09ba000 	C:\Windows\System32\rasadhlp.dll
0x0000000058020000 - 0x000000005803a000 	C:\Program Files\Java\jdk1.8.0_66\jre\bin\net.dll
0x00007ffea89c0000 - 0x00007ffea8b49000 	C:\Windows\SYSTEM32\dbghelp.dll

VM Arguments:
jvm_args: -agentlib:jdwp=transport=dt_socket,suspend=y,address=localhost:4035 -Dfile.encoding=Cp1252 
java_command: com.pro.Student
java_class_path (initial): C:\Users\ROHIT SHELAR\Rohit\Project 1;C:\Program Files\Oracle\JavaFX 2.2 SDK\lib\ant-javafx.jar;C:\Program Files\Oracle\JavaFX 2.2 SDK\lib\javafx-doclet.jar;C:\Program Files\Oracle\JavaFX 2.2 SDK\lib\javafx-mx.jar;D:\KETKEE hcl\com.mysql.jdbc_5.1.5.jar
Launcher Type: SUN_STANDARD

Environment Variables:
JAVA_HOME=C:\Program Files\Java\jdk1.8.0_66
CLASSPATH=C:\ojdbc6.jar
PATH=C:\Program Files\Java\jdk1.8.0_66\jre\bin;C:/Program Files/Java/jre1.8.0_66/bin/server;C:/Program Files/Java/jre1.8.0_66/bin;C:/Program Files/Java/jre1.8.0_66/lib/amd64;C:\oracle\product\11.2.0\dbhome_1\bin;C:\Perl64\site\bin;C:\Perl64\bin;C:\ProgramData\Oracle\Java\javapath;C:\Windows\system32;C:\Windows;C:\Windows\System32\Wbem;C:\Windows\System32\WindowsPowerShell\v1.0\;C:\Program Files (x86)\Skype\Phone\;C:\Program Files\7-Zip;C:\Program Files (x86)\Windows Kits\8.1\Windows Performance Toolkit\;C:\Program Files\Microsoft SQL Server\110\Tools\Binn\;C:\Program Files\Java\jre1.8.0_20\bin;C:\Program Files (x86)\Java\jdk1.7.0\bin;C:\Program Files (x86)\Common Files\lenovo\easyplussdk\bin;C:\Program Files\Java\jdk1.8.0_66;C:\Program Files\Java\jre1.8.0_20\bin;C:\Program Files (x86)\FreeArc\bin;C:\Program Files\Java\jdk1.8.0_66;D:\eclipse-jee-mars-M1-win32-x86_64\eclipse;
USERNAME=ROHIT SHELAR
OS=Windows_NT
PROCESSOR_IDENTIFIER=Intel64 Family 6 Model 42 Stepping 7, GenuineIntel



---------------  S Y S T E M  ---------------

OS: Windows 8.1 , 64 bit Build 9600 (6.3.9600.17415)

CPU:total 4 (2 cores per cpu, 2 threads per core) family 6 model 42 stepping 7, cmov, cx8, fxsr, mmx, sse, sse2, sse3, ssse3, sse4.1, sse4.2, popcnt, avx, aes, clmul, ht, tsc, tscinvbit

Memory: 4k page, physical 4099236k(1214788k free), swap 10273028k(2718656k free)

vm_info: Java HotSpot(TM) 64-Bit Server VM (25.66-b18) for windows-amd64 JRE (1.8.0_66-b18), built on Nov  9 2015 10:51:13 by "java_re" with MS VC++ 10.0 (VS2010)

time: Thu Jan 21 17:51:59 2016
elapsed time: 19813 seconds (0d 5h 30m 13s)

