#
# A fatal error has been detected by the Java Runtime Environment:
#
#  EXCEPTION_ACCESS_VIOLATION (0xc0000005) at pc=0x00000000581c8b35, pid=6868, tid=3384
#
# JRE version: Java(TM) SE Runtime Environment (8.0_66-b18) (build 1.8.0_66-b18)
# Java VM: Java HotSpot(TM) 64-Bit Server VM (25.66-b18 mixed mode windows-amd64 compressed oops)
# Problematic frame:
# V  [jvm.dll+0x128b35]
#
# Failed to write core dump. Minidumps are not enabled by default on client versions of Windows
#
# If you would like to submit a bug report, please visit:
#   http://bugreport.java.com/bugreport/crash.jsp
#

---------------  T H R E A D  ---------------

Current thread (0x00000000067ef800):  JavaThread "JDWP Transport Listener: dt_socket" daemon [_thread_in_vm, id=3384, stack(0x0000000007e20000,0x0000000007f20000)]

siginfo: ExceptionCode=0xc0000005, reading address 0x00003b7972003b72

Registers:
RAX=0x0000000007f1f301, RBX=0x00000000067ef800, RCX=0x00003b7972003b72, RDX=0x0000000000000000
RSP=0x0000000007f1f350, RBP=0x00003b7972003b72, RSI=0x0000000007f1f468, RDI=0x0000000003099730
R8 =0x00000000067ef800, R9 =0x0000000000008000, R10=0x0000000000000000, R11=0x000000000830ea94
R12=0x0000000000000000, R13=0x00000000067e4238, R14=0x0000000000000000, R15=0x0000000000000000
RIP=0x00000000581c8b35, EFLAGS=0x0000000000010206

Top of Stack: (sp=0x0000000007f1f350)
0x0000000007f1f350:   00000000067ef800 00000000067ef800
0x0000000007f1f360:   0000000007f1f418 00000000583ce2eb
0x0000000007f1f370:   00000000067ef800 00000000583eab4d
0x0000000007f1f380:   0000000000000000 0000000057ff9155
0x0000000007f1f390:   0000000008583b68 000000005800291e
0x0000000007f1f3a0:   00000000067ef800 0000000000000000
0x0000000007f1f3b0:   0000000000000000 0000000000000000
0x0000000007f1f3c0:   00003b7972003b72 0000000058001a15
0x0000000007f1f3d0:   0000000007f1f468 0000000007f1f440
0x0000000007f1f3e0:   0000000000000001 0000000008583b68
0x0000000007f1f3f0:   00003b7972003b72 0000000057fe53b3
0x0000000007f1f400:   0000000007f1f530 0000000000000001
0x0000000007f1f410:   0000000000000001 0000000008583b68
0x0000000007f1f420:   0000000000000001 0000000000000000
0x0000000007f1f430:   0000000000000000 0000000000000000
0x0000000007f1f440:   0000000000000001 0000000057fe5571 

Instructions: (pc=0x00000000581c8b35)
0x00000000581c8b15:   cc cc cc cc cc cc cc cc cc cc cc 48 83 ec 28 48
0x00000000581c8b25:   85 c9 75 07 33 c0 48 83 c4 28 c3 48 89 5c 24 20
0x00000000581c8b35:   48 8b 19 48 85 db 74 20 48 83 fb 37 74 1a 48 8b
0x00000000581c8b45:   13 48 8b cb ff 52 10 84 c0 74 0d 48 8b c3 48 8b 


Register to memory mapping:

RAX=0x0000000007f1f301 is pointing into the stack for thread: 0x00000000067ef800
RBX=0x00000000067ef800 is a thread
RCX=0x00003b7972003b72 is an unknown value
RDX=0x0000000000000000 is an unknown value
RSP=0x0000000007f1f350 is pointing into the stack for thread: 0x00000000067ef800
RBP=0x00003b7972003b72 is an unknown value
RSI=0x0000000007f1f468 is pointing into the stack for thread: 0x00000000067ef800
RDI=0x0000000003099730 is an unknown value
R8 =0x00000000067ef800 is a thread
R9 =0x0000000000008000 is an unknown value
R10=0x0000000000000000 is an unknown value
R11=0x000000000830ea94 is an unknown value
R12=0x0000000000000000 is an unknown value
R13=0x00000000067e4238 is an unknown value
R14=0x0000000000000000 is an unknown value
R15=0x0000000000000000 is an unknown value


Stack: [0x0000000007e20000,0x0000000007f20000],  sp=0x0000000007f1f350,  free space=1020k
Native frames: (J=compiled Java code, j=interpreted, Vv=VM code, C=native code)
V  [jvm.dll+0x128b35]
V  [jvm.dll+0x34ab4d]
C  [jdwp.dll+0x21a15]
C  [jdwp.dll+0x53b3]
C  [jdwp.dll+0x5571]
C  [jdwp.dll+0xf0a8]
C  [jdwp.dll+0x1f2d5]
C  [jdwp.dll+0x1f4aa]
V  [jvm.dll+0x1bba28]
V  [jvm.dll+0x243274]
V  [jvm.dll+0x29a0fa]
C  [msvcr100.dll+0x21d9f]
C  [msvcr100.dll+0x21e3b]
C  [KERNEL32.DLL+0x13d2]
C  [ntdll.dll+0x15444]


---------------  P R O C E S S  ---------------

Java Threads: ( => current thread )
  0x000000000833a800 JavaThread "MySQL Statement Cancellation Timer" daemon [_thread_blocked, id=4804, stack(0x0000000008a20000,0x0000000008b20000)]
  0x0000000008247000 JavaThread "Service Thread" daemon [_thread_blocked, id=6760, stack(0x0000000008820000,0x0000000008920000)]
  0x000000000683e800 JavaThread "C1 CompilerThread2" daemon [_thread_blocked, id=4372, stack(0x0000000008720000,0x0000000008820000)]
  0x000000000683d800 JavaThread "C2 CompilerThread1" daemon [_thread_blocked, id=2920, stack(0x0000000008620000,0x0000000008720000)]
  0x0000000006807800 JavaThread "C2 CompilerThread0" daemon [_thread_blocked, id=7044, stack(0x0000000008120000,0x0000000008220000)]
  0x00000000067ff800 JavaThread "JDWP Command Reader" daemon [_thread_in_native, id=1096, stack(0x0000000008020000,0x0000000008120000)]
  0x00000000067f2000 JavaThread "JDWP Event Helper Thread" daemon [_thread_blocked, id=928, stack(0x0000000007f20000,0x0000000008020000)]
=>0x00000000067ef800 JavaThread "JDWP Transport Listener: dt_socket" daemon [_thread_in_vm, id=3384, stack(0x0000000007e20000,0x0000000007f20000)]
  0x00000000067d8800 JavaThread "Attach Listener" daemon [_thread_blocked, id=5516, stack(0x0000000007d20000,0x0000000007e20000)]
  0x00000000067d7000 JavaThread "Signal Dispatcher" daemon [_thread_blocked, id=6028, stack(0x0000000007c20000,0x0000000007d20000)]
  0x00000000031a8000 JavaThread "Finalizer" daemon [_thread_blocked, id=4200, stack(0x0000000007a30000,0x0000000007b30000)]
  0x000000000319f000 JavaThread "Reference Handler" daemon [_thread_blocked, id=2412, stack(0x0000000007930000,0x0000000007a30000)]
  0x000000000309e800 JavaThread "main" [_thread_blocked, id=2548, stack(0x0000000002f90000,0x0000000003090000)]

Other Threads:
  0x00000000067a7800 VMThread [stack: 0x0000000007830000,0x0000000007930000] [id=3900]
  0x000000000824f800 WatcherThread [stack: 0x0000000008920000,0x0000000008a20000] [id=5984]

VM state:not at safepoint (normal execution)

VM Mutex/Monitor currently owned by a thread: None

Heap:
 PSYoungGen      total 18944K, used 8047K [0x00000000eb200000, 0x00000000ec700000, 0x0000000100000000)
  eden space 16384K, 49% used [0x00000000eb200000,0x00000000eb9dbc10,0x00000000ec200000)
  from space 2560K, 0% used [0x00000000ec480000,0x00000000ec480000,0x00000000ec700000)
  to   space 2560K, 0% used [0x00000000ec200000,0x00000000ec200000,0x00000000ec480000)
 ParOldGen       total 44032K, used 0K [0x00000000c1600000, 0x00000000c4100000, 0x00000000eb200000)
  object space 44032K, 0% used [0x00000000c1600000,0x00000000c1600000,0x00000000c4100000)
 Metaspace       used 9138K, capacity 9272K, committed 9344K, reserved 1058816K
  class space    used 798K, capacity 852K, committed 896K, reserved 1048576K

Card table byte_map: [0x0000000003580000,0x0000000003780000] byte_map_base: 0x0000000002f75000

Marking Bits: (ParMarkBitMap*) 0x00000000588aa5b0
 Begin Bits: [0x0000000003cd0000, 0x0000000004c78000)
 End Bits:   [0x0000000004c78000, 0x0000000005c20000)

Polling page: 0x0000000001070000

CodeCache: size=245760Kb used=1316Kb max_used=1316Kb free=244443Kb
 bounds [0x000000000f010000, 0x000000000f280000, 0x000000001e010000]
 total_blobs=449 nmethods=109 adapters=261
 compilation: enabled

Compilation events (10 events):
Event: 24069.158 Thread 0x000000000683e800  106       1       java.net.URL::getHost (5 bytes)
Event: 24069.158 Thread 0x000000000683e800 nmethod 106 0x000000000f1512d0 code [0x000000000f151420, 0x000000000f151530]
Event: 24069.158 Thread 0x000000000683e800  105       1       java.util.zip.ZipFile::access$000 (5 bytes)
Event: 24069.158 Thread 0x000000000683e800 nmethod 105 0x000000000f153d90 code [0x000000000f153ee0, 0x000000000f153fd0]
Event: 24069.158 Thread 0x000000000683e800  107       1       java.security.ProtectionDomain::getCodeSource (5 bytes)
Event: 24069.158 Thread 0x000000000683e800 nmethod 107 0x000000000f153ad0 code [0x000000000f153c20, 0x000000000f153d30]
Event: 24069.179 Thread 0x000000000683e800  108       3       java.nio.charset.CharsetEncoder::maxBytesPerChar (5 bytes)
Event: 24069.179 Thread 0x000000000683e800 nmethod 108 0x000000000f1537d0 code [0x000000000f153920, 0x000000000f153a70]
Event: 24069.180 Thread 0x000000000683e800  109       3       sun.nio.cs.UTF_8$Encoder::encode (359 bytes)
Event: 24069.181 Thread 0x000000000683e800 nmethod 109 0x000000000f154b10 code [0x000000000f154d00, 0x000000000f155878]

GC Heap History (0 events):
No events

Deoptimization events (0 events):
No events

Internal exceptions (10 events):
Event: 7.724 Thread 0x000000000309e800 Exception <a 'java/security/PrivilegedActionException'> (0x00000000eb4cf978) thrown at [C:\re\workspace\8-2-build-windows-amd64-cygwin\jdk8u66\5298\hotspot\src\share\vm\prims\jvm.cpp, line 1386]
Event: 7.724 Thread 0x000000000309e800 Exception <a 'java/security/PrivilegedActionException'> (0x00000000eb4cfd70) thrown at [C:\re\workspace\8-2-build-windows-amd64-cygwin\jdk8u66\5298\hotspot\src\share\vm\prims\jvm.cpp, line 1386]
Event: 7.747 Thread 0x000000000309e800 Exception <a 'java/security/PrivilegedActionException'> (0x00000000eb519ca8) thrown at [C:\re\workspace\8-2-build-windows-amd64-cygwin\jdk8u66\5298\hotspot\src\share\vm\prims\jvm.cpp, line 1386]
Event: 7.747 Thread 0x000000000309e800 Exception <a 'java/security/PrivilegedActionException'> (0x00000000eb51a0a0) thrown at [C:\re\workspace\8-2-build-windows-amd64-cygwin\jdk8u66\5298\hotspot\src\share\vm\prims\jvm.cpp, line 1386]
Event: 7.748 Thread 0x000000000309e800 Exception <a 'java/security/PrivilegedActionException'> (0x00000000eb51cd68) thrown at [C:\re\workspace\8-2-build-windows-amd64-cygwin\jdk8u66\5298\hotspot\src\share\vm\prims\jvm.cpp, line 1386]
Event: 7.749 Thread 0x000000000309e800 Exception <a 'java/security/PrivilegedActionException'> (0x00000000eb51d160) thrown at [C:\re\workspace\8-2-build-windows-amd64-cygwin\jdk8u66\5298\hotspot\src\share\vm\prims\jvm.cpp, line 1386]
Event: 7.750 Thread 0x000000000309e800 Exception <a 'java/security/PrivilegedActionException'> (0x00000000eb5200b0) thrown at [C:\re\workspace\8-2-build-windows-amd64-cygwin\jdk8u66\5298\hotspot\src\share\vm\prims\jvm.cpp, line 1386]
Event: 7.750 Thread 0x000000000309e800 Exception <a 'java/security/PrivilegedActionException'> (0x00000000eb5204a8) thrown at [C:\re\workspace\8-2-build-windows-amd64-cygwin\jdk8u66\5298\hotspot\src\share\vm\prims\jvm.cpp, line 1386]
Event: 7.751 Thread 0x000000000309e800 Exception <a 'java/security/PrivilegedActionException'> (0x00000000eb523200) thrown at [C:\re\workspace\8-2-build-windows-amd64-cygwin\jdk8u66\5298\hotspot\src\share\vm\prims\jvm.cpp, line 1386]
Event: 7.752 Thread 0x000000000309e800 Exception <a 'java/security/PrivilegedActionException'> (0x00000000eb5235f8) thrown at [C:\re\workspace\8-2-build-windows-amd64-cygwin\jdk8u66\5298\hotspot\src\share\vm\prims\jvm.cpp, line 1386]

Events (10 events):
Event: 24415.440 Executing VM operation: RedefineClasses
Event: 24415.440 Executing VM operation: RedefineClasses done
Event: 24540.757 Executing VM operation: RedefineClasses
Event: 24540.758 Executing VM operation: RedefineClasses done
Event: 25145.733 Executing VM operation: RedefineClasses
Event: 25145.734 Executing VM operation: RedefineClasses done
Event: 25203.171 Executing VM operation: RedefineClasses
Event: 25203.172 Executing VM operation: RedefineClasses done
Event: 25431.832 Executing VM operation: RedefineClasses
Event: 25431.834 Executing VM operation: RedefineClasses done


Dynamic libraries:
0x00007ff76a7e0000 - 0x00007ff76a817000 	C:\Program Files\Java\jdk1.8.0_66\bin\javaw.exe
0x00007ffeb5d90000 - 0x00007ffeb5f3c000 	C:\Windows\SYSTEM32\ntdll.dll
0x00007ffeb39c0000 - 0x00007ffeb3afe000 	C:\Windows\system32\KERNEL32.DLL
0x00007ffeb30c0000 - 0x00007ffeb31d5000 	C:\Windows\system32\KERNELBASE.dll
0x00007ffeb1a40000 - 0x00007ffeb1ace000 	C:\Windows\system32\apphelp.dll
0x00007ffe9d350000 - 0x00007ffe9d3a3000 	C:\Windows\AppPatch\AppPatch64\AcGenral.DLL
0x00007ffeb3ca0000 - 0x00007ffeb3d4a000 	C:\Windows\system32\msvcrt.dll
0x00007ffeb2d60000 - 0x00007ffeb2d8e000 	C:\Windows\SYSTEM32\SspiCli.dll
0x00007ffeb44c0000 - 0x00007ffeb4514000 	C:\Windows\system32\SHLWAPI.dll
0x00007ffeb3690000 - 0x00007ffeb3807000 	C:\Windows\system32\USER32.dll
0x00007ffeb3b00000 - 0x00007ffeb3c94000 	C:\Windows\system32\ole32.dll
0x00007ffeb4530000 - 0x00007ffeb5a49000 	C:\Windows\system32\SHELL32.dll
0x00007ffeb24e0000 - 0x00007ffeb2501000 	C:\Windows\SYSTEM32\USERENV.dll
0x00007ffeb5ae0000 - 0x00007ffeb5b8a000 	C:\Windows\system32\ADVAPI32.dll
0x00007ffeab090000 - 0x00007ffeab0ae000 	C:\Windows\SYSTEM32\MPR.dll
0x00007ffeb3420000 - 0x00007ffeb3561000 	C:\Windows\system32\RPCRT4.dll
0x00007ffeb3570000 - 0x00007ffeb35c9000 	C:\Windows\SYSTEM32\sechost.dll
0x00007ffeb40d0000 - 0x00007ffeb42e1000 	C:\Windows\SYSTEM32\combase.dll
0x00007ffeb4370000 - 0x00007ffeb44c0000 	C:\Windows\system32\GDI32.dll
0x00007ffeb2ef0000 - 0x00007ffeb2f05000 	C:\Windows\SYSTEM32\profapi.dll
0x00007ffeb16d0000 - 0x00007ffeb1782000 	C:\Windows\SYSTEM32\SHCORE.dll
0x00007ffeb4090000 - 0x00007ffeb40c6000 	C:\Windows\system32\IMM32.DLL
0x00007ffeb3f30000 - 0x00007ffeb4082000 	C:\Windows\system32\MSCTF.dll
0x00007ffeb2eb0000 - 0x00007ffeb2edf000 	C:\Windows\system32\nvinitx.dll
0x000000000f000000 - 0x000000000f006000 	C:\Program Files\NVIDIA Corporation\CoProcManager\_etoured.dll
0x00007ffeb0d20000 - 0x00007ffeb0d53000 	C:\Program Files\NVIDIA Corporation\CoProcManager\nvd3d9wrapx.dll
0x00007ffeb3d50000 - 0x00007ffeb3f2a000 	C:\Windows\system32\SETUPAPI.dll
0x00007ffeb2fc0000 - 0x00007ffeb300f000 	C:\Windows\system32\CFGMGR32.dll
0x00007ffeb0cf0000 - 0x00007ffeb0d13000 	C:\Program Files\NVIDIA Corporation\CoProcManager\nvdxgiwrapx.dll
0x00007ffeb0f50000 - 0x00007ffeb11ca000 	C:\Windows\WinSxS\amd64_microsoft.windows.common-controls_6595b64144ccf1df_6.0.9600.17810_none_6240b9c7ecbd0bda\COMCTL32.dll
0x0000000058930000 - 0x0000000058a02000 	C:\Program Files\Java\jdk1.8.0_66\jre\bin\msvcr100.dll
0x00000000580a0000 - 0x0000000058929000 	C:\Program Files\Java\jdk1.8.0_66\jre\bin\server\jvm.dll
0x00007ffe9f790000 - 0x00007ffe9f799000 	C:\Windows\SYSTEM32\WSOCK32.dll
0x00007ffeb0130000 - 0x00007ffeb0152000 	C:\Windows\SYSTEM32\WINMM.dll
0x00007ffeb0160000 - 0x00007ffeb016a000 	C:\Windows\SYSTEM32\VERSION.dll
0x00007ffeb5ad0000 - 0x00007ffeb5ad7000 	C:\Windows\system32\PSAPI.DLL
0x00007ffeb5b90000 - 0x00007ffeb5bea000 	C:\Windows\system32\WS2_32.dll
0x00007ffeb00f0000 - 0x00007ffeb011a000 	C:\Windows\SYSTEM32\WINMMBASE.dll
0x00007ffeb4520000 - 0x00007ffeb4529000 	C:\Windows\system32\NSI.dll
0x00007ffeb1ce0000 - 0x00007ffeb1d08000 	C:\Windows\SYSTEM32\DEVOBJ.dll
0x0000000058090000 - 0x000000005809f000 	C:\Program Files\Java\jdk1.8.0_66\jre\bin\verify.dll
0x0000000058060000 - 0x0000000058089000 	C:\Program Files\Java\jdk1.8.0_66\jre\bin\java.dll
0x0000000057fe0000 - 0x0000000058015000 	C:\Program Files\Java\jdk1.8.0_66\jre\bin\jdwp.dll
0x0000000057fd0000 - 0x0000000057fd8000 	C:\Program Files\Java\jdk1.8.0_66\jre\bin\npt.dll
0x0000000058040000 - 0x0000000058056000 	C:\Program Files\Java\jdk1.8.0_66\jre\bin\zip.dll
0x0000000057fc0000 - 0x0000000057fc9000 	C:\Program Files\Java\jdk1.8.0_66\jre\bin\dt_socket.dll
0x00007ffeab8d0000 - 0x00007ffeab8e5000 	C:\Windows\system32\napinsp.dll
0x00007ffeab8b0000 - 0x00007ffeab8ca000 	C:\Windows\system32\pnrpnsp.dll
0x00007ffeae8c0000 - 0x00007ffeae8db000 	C:\Windows\system32\NLAapi.dll
0x00007ffeb27a0000 - 0x00007ffeb27f9000 	C:\Windows\System32\mswsock.dll
0x00007ffeb25a0000 - 0x00007ffeb2644000 	C:\Windows\SYSTEM32\DNSAPI.dll
0x00007ffeacdb0000 - 0x00007ffeacdbd000 	C:\Windows\System32\winrnr.dll
0x00007ffeadfa0000 - 0x00007ffeae00b000 	C:\Windows\System32\fwpuclnt.dll
0x00007ffea09b0000 - 0x00007ffea09ba000 	C:\Windows\System32\rasadhlp.dll
0x0000000058020000 - 0x000000005803a000 	C:\Program Files\Java\jdk1.8.0_66\jre\bin\net.dll
0x00007ffea89c0000 - 0x00007ffea8b49000 	C:\Windows\SYSTEM32\dbghelp.dll

VM Arguments:
jvm_args: -agentlib:jdwp=transport=dt_socket,suspend=y,address=localhost:3698 -Dfile.encoding=Cp1252 
java_command: com.pro.Student
java_class_path (initial): C:\Users\ROHIT SHELAR\Rohit\Project 1;C:\Program Files\Oracle\JavaFX 2.2 SDK\lib\ant-javafx.jar;C:\Program Files\Oracle\JavaFX 2.2 SDK\lib\javafx-doclet.jar;C:\Program Files\Oracle\JavaFX 2.2 SDK\lib\javafx-mx.jar;D:\KETKEE hcl\com.mysql.jdbc_5.1.5.jar
Launcher Type: SUN_STANDARD

Environment Variables:
JAVA_HOME=C:\Program Files\Java\jdk1.8.0_66
CLASSPATH=C:\ojdbc6.jar
PATH=C:\Program Files\Java\jdk1.8.0_66\jre\bin;C:/Program Files/Java/jre1.8.0_66/bin/server;C:/Program Files/Java/jre1.8.0_66/bin;C:/Program Files/Java/jre1.8.0_66/lib/amd64;C:\oracle\product\11.2.0\dbhome_1\bin;C:\Perl64\site\bin;C:\Perl64\bin;C:\ProgramData\Oracle\Java\javapath;C:\Windows\system32;C:\Windows;C:\Windows\System32\Wbem;C:\Windows\System32\WindowsPowerShell\v1.0\;C:\Program Files (x86)\Skype\Phone\;C:\Program Files\7-Zip;C:\Program Files (x86)\Windows Kits\8.1\Windows Performance Toolkit\;C:\Program Files\Microsoft SQL Server\110\Tools\Binn\;C:\Program Files\Java\jre1.8.0_20\bin;C:\Program Files (x86)\Java\jdk1.7.0\bin;C:\Program Files (x86)\Common Files\lenovo\easyplussdk\bin;C:\Program Files\Java\jdk1.8.0_66;C:\Program Files\Java\jre1.8.0_20\bin;C:\Program Files (x86)\FreeArc\bin;C:\Program Files\Java\jdk1.8.0_66;D:\eclipse-jee-mars-M1-win32-x86_64\eclipse;
USERNAME=ROHIT SHELAR
OS=Windows_NT
PROCESSOR_IDENTIFIER=Intel64 Family 6 Model 42 Stepping 7, GenuineIntel



---------------  S Y S T E M  ---------------

OS: Windows 8.1 , 64 bit Build 9600 (6.3.9600.17415)

CPU:total 4 (2 cores per cpu, 2 threads per core) family 6 model 42 stepping 7, cmov, cx8, fxsr, mmx, sse, sse2, sse3, ssse3, sse4.1, sse4.2, popcnt, avx, aes, clmul, ht, tsc, tscinvbit

Memory: 4k page, physical 4099236k(1159844k free), swap 10273028k(2177012k free)

vm_info: Java HotSpot(TM) 64-Bit Server VM (25.66-b18) for windows-amd64 JRE (1.8.0_66-b18), built on Nov  9 2015 10:51:13 by "java_re" with MS VC++ 10.0 (VS2010)

time: Thu Jan 21 17:51:58 2016
elapsed time: 26482 seconds (0d 7h 21m 22s)

